<?xml version="1.0" encoding="UTF-8"?>
<testsuite xmlns:xsi="http://www.w3.org/2001/XMLSchema-instance" xsi:noNamespaceSchemaLocation="https://maven.apache.org/surefire/maven-surefire-plugin/xsd/surefire-test-report.xsd" name="com.nowcoder.mavendemo2.AppTest" time="0.051" tests="1" errors="0" skipped="0" failures="0">
  <properties>
    <property name="java.specification.version" value="16"/>
    <property name="sun.cpu.isalist" value="amd64"/>
    <property name="sun.jnu.encoding" value="GBK"/>
    <property name="java.class.path" value="D:\IDEA\work\workplace\target\test-classes;D:\IDEA\work\workplace\target\classes;C:\Users\xiepeizhe\.m2\repository\junit\junit\4.11\junit-4.11.jar;C:\Users\xiepeizhe\.m2\repository\org\hamcrest\hamcrest-core\1.3\hamcrest-core-1.3.jar;"/>
    <property name="java.vm.vendor" value="Oracle Corporation"/>
    <property name="sun.arch.data.model" value="64"/>
    <property name="user.variant" value=""/>
    <property name="java.vendor.url" value="https://java.oracle.com/"/>
    <property name="user.timezone" value="Asia/Shanghai"/>
    <property name="os.name" value="Windows 10"/>
    <property name="java.vm.specification.version" value="16"/>
    <property name="sun.java.launcher" value="SUN_STANDARD"/>
    <property name="user.country" value="CN"/>
    <property name="sun.boot.library.path" value="D:\jdk\java\bin"/>
    <property name="sun.java.command" value="C:\Users\XIEPEI~1\AppData\Local\Temp\surefire15303620846303729167\surefirebooter2427169166469024181.jar C:\Users\xiepeizhe\AppData\Local\Temp\surefire15303620846303729167 2021-09-01T09-57-24_927-jvmRun1 surefire500835523300406464tmp surefire_0166134110729310061tmp"/>
    <property name="jdk.debug" value="release"/>
    <property name="surefire.test.class.path" value="D:\IDEA\work\workplace\target\test-classes;D:\IDEA\work\workplace\target\classes;C:\Users\xiepeizhe\.m2\repository\junit\junit\4.11\junit-4.11.jar;C:\Users\xiepeizhe\.m2\repository\org\hamcrest\hamcrest-core\1.3\hamcrest-core-1.3.jar;"/>
    <property name="sun.cpu.endian" value="little"/>
    <property name="user.home" value="C:\Users\xiepeizhe"/>
    <property name="user.language" value="zh"/>
    <property name="java.specification.vendor" value="Oracle Corporation"/>
    <property name="java.version.date" value="2021-07-20"/>
    <property name="java.home" value="D:\jdk\java"/>
    <property name="file.separator" value="\"/>
    <property name="basedir" value="D:\IDEA\work\workplace"/>
    <property name="java.vm.compressedOopsMode" value="32-bit"/>
    <property name="line.separator" value="&#10;"/>
    <property name="java.vm.specification.vendor" value="Oracle Corporation"/>
    <property name="java.specification.name" value="Java Platform API Specification"/>
    <property name="surefire.real.class.path" value="C:\Users\XIEPEI~1\AppData\Local\Temp\surefire15303620846303729167\surefirebooter2427169166469024181.jar"/>
    <property name="user.script" value=""/>
    <property name="sun.management.compiler" value="HotSpot 64-Bit Tiered Compilers"/>
    <property name="java.runtime.version" value="16.0.2+7-67"/>
    <property name="user.name" value="xiepeizhe"/>
    <property name="path.separator" value=";"/>
    <property name="os.version" value="10.0"/>
    <property name="java.runtime.name" value="Java(TM) SE Runtime Environment"/>
    <property name="file.encoding" value="GBK"/>
    <property name="java.vm.name" value="Java HotSpot(TM) 64-Bit Server VM"/>
    <property name="localRepository" value="C:\Users\xiepeizhe\.m2\repository"/>
    <property name="java.vendor.url.bug" value="https://bugreport.java.com/bugreport/"/>
    <property name="java.io.tmpdir" value="C:\Users\XIEPEI~1\AppData\Local\Temp\"/>
    <property name="idea.version" value="2021.2.1"/>
    <property name="java.version" value="16.0.2"/>
    <property name="user.dir" value="D:\IDEA\work\workplace"/>
    <property name="os.arch" value="amd64"/>
    <property name="java.vm.specification.name" value="Java Virtual Machine Specification"/>
    <property name="sun.os.patch.level" value=""/>
    <property name="java.library.path" value="D:\jdk\java\bin;C:\WINDOWS\Sun\Java\bin;C:\WINDOWS\system32;C:\WINDOWS;C:\Program Files\Common Files\Oracle\Java\javapath;C:\Users\xiepeizhe\AppData\Local\Programs\Python\Python36;C:\Users\xiepeizhe\AppData\Local\Programs\Python\Python36\Scripts\;C:\Program Files\Java\jdk-10.0.2\bin;C:\Program Files\Java\jdk-10.0.2\jre\bin;&quot;C:\Program Files (x86)\Intel\iCLS Client\;C:\Program Files\Java\jdk-10.0.2\jre\bin&quot;;C:\Program Files\Intel\iCLS Client\;C:\Windows\system32;C:\Windows;C:\Windows\System32\Wbem;C:\Windows\System32\WindowsPowerShell\v1.0\;C:\Program Files (x86)\Intel\Intel(R) Management Engine Components\DAL;C:\Program Files\Intel\Intel(R) Management Engine Components\DAL;C:\Program Files (x86)\Intel\Intel(R) Management Engine Components\IPT;C:\Program Files\Intel\Intel(R) Management Engine Components\IPT;C:\Program Files (x86)\NVIDIA Corporation\PhysX\Common;C:\WINDOWS\system32;C:\WINDOWS;C:\WINDOWS\System32\Wbem;C:\WINDOWS\System32\WindowsPowerShell\v1.0\;C:\WINDOWS\System32\OpenSSH\;D:\Python;C:\Program Files\Microsoft VS Code\bin;C:\Program Files (x86)\Google\Chrome\Application;C:\Program Files\NVIDIA Corporation\NVIDIA NvDLISR;C:\WINDOWS\system32;C:\WINDOWS;C:\WINDOWS\System32\Wbem;C:\WINDOWS\System32\WindowsPowerShell\v1.0\;C:\WINDOWS\System32\OpenSSH\;D:\Python;D:\matlab1\runtime\win64;D:\matlab1\bin;C:\Program Files\MySQL\MySQL Server 5.5\bin;C:\Program Files (x86)\Wolfram Research\WolframScript\;C:\Program Files\dotnet\;C:\Program Files\Microsoft SQL Server\130\Tools\Binn\;C:\Program Files\Microsoft SQL Server\Client SDK\ODBC\170\Tools\Binn\;D:\anaconda;D:\anaconda\Scripts;D:\anaconda\Library\bin;D:\maven\apache-maven-3.8.2\bin;D:\maven\apache-maven-3.8.2\bin;D:\anaconda2021;D:\anaconda2021\Library\mingw-w64\bin;D:\anaconda2021\Library\usr\bin;D:\anaconda2021\Library\bin;D:\anaconda2021\Scripts;D:\LATEX\texlive\2020\bin\win32;C:\Users\xiepeizhe\AppData\Local\Programs\Python\Python37\Scripts\;C:\Users\xiepeizhe\AppData\Local\Programs\Python\Python37\;C:\Users\xiepeizhe\AppData\Local\Programs\Python\Python36\Scripts\;C:\Users\xiepeizhe\AppData\Local\Programs\Python\Python36\;C:\Users\xiepeizhe\AppData\Local\Microsoft\WindowsApps;C:\Users\xiepeizhe\.dotnet\tools;D:\miktex1\miktex\bin\x64\;."/>
    <property name="java.vm.info" value="mixed mode, sharing"/>
    <property name="java.vendor" value="Oracle Corporation"/>
    <property name="java.vm.version" value="16.0.2+7-67"/>
    <property name="sun.io.unicode.encoding" value="UnicodeLittle"/>
    <property name="java.class.version" value="60.0"/>
  </properties>
  <testcase name="shouldAnswerWithTrue" classname="com.nowcoder.mavendemo2.AppTest" time="0.003"/>
</testsuite>